<?xml version="1.0" encoding="UTF-8"?>
<test-xml-configuration>
	<x>1</x>
</test-xml-configuration>
