<?xml version="1.0" encoding="UTF-8"?>
<test-xml-configuration>
	<x>2</x>
</test-xml-configuration>